Using pre-set license
Built from '2020.3/staging' branch; Version is '2020.3.13f1 (71691879b7f5) revision 7432472'; Using compiler version '192528614'; Build Type 'Release'
OS: 'Windows 10 Home; OS build 22000.675; Version 2009; 64bit' Language: 'nl' Physical Memory: 16303 MB
BatchMode: 1, IsHumanControllingUs: 0, StartBugReporterOnCrash: 0, Is64bit: 1, IsPro: 0

 COMMAND LINE ARGUMENTS:
D:\Unity Version\2020.3.13f1\Editor\Unity.exe
-adb2
-batchMode
-noUpm
-name
AssetImportWorker0
-projectPath
D:/GitHub/ProjectVrijElectricBoogaloo/Executioners Misery
-logFile
Logs/AssetImportWorker0.log
-srvPort
59568
Successfully changed project path to: D:/GitHub/ProjectVrijElectricBoogaloo/Executioners Misery
D:/GitHub/ProjectVrijElectricBoogaloo/Executioners Misery
Using Asset Import Pipeline V2.
Refreshing native plugins compatible for Editor in 63.29 ms, found 2 plugins.
Preloading 0 native plugins for Editor in 0.00 ms.
Initialize engine version: 2020.3.13f1 (71691879b7f5)
[Subsystems] Discovering subsystems at path D:/Unity Version/2020.3.13f1/Editor/Data/Resources/UnitySubsystems
[Subsystems] Discovering subsystems at path D:/GitHub/ProjectVrijElectricBoogaloo/Executioners Misery/Assets
GfxDevice: creating device client; threaded=0
Direct3D:
    Version:  Direct3D 11.0 [level 11.1]
    Renderer: NVIDIA GeForce RTX 2060 (ID=0x1f11)
    Vendor:   
    VRAM:     5980 MB
    Driver:   30.0.15.1295
Initialize mono
Mono path[0] = 'D:/Unity Version/2020.3.13f1/Editor/Data/Managed'
Mono path[1] = 'D:/Unity Version/2020.3.13f1/Editor/Data/MonoBleedingEdge/lib/mono/unityjit'
Mono config path = 'D:/Unity Version/2020.3.13f1/Editor/Data/MonoBleedingEdge/etc'
Using monoOptions --debugger-agent=transport=dt_socket,embedding=1,server=y,suspend=n,address=127.0.0.1:56740
Begin MonoManager ReloadAssembly
Registering precompiled unity dll's ...
Register platform support module: D:/Unity Version/2020.3.13f1/Editor/Data/PlaybackEngines/WindowsStandaloneSupport/UnityEditor.WindowsStandalone.Extensions.dll
Registered in 0.001422 seconds.
Native extension for WindowsStandalone target not found
Refreshing native plugins compatible for Editor in 48.82 ms, found 2 plugins.
Preloading 0 native plugins for Editor in 0.00 ms.
Mono: successfully reloaded assembly
- Completed reload, in  1.523 seconds
Platform modules already initialized, skipping
Registering precompiled user dll's ...
Registered in 0.005928 seconds.
Begin MonoManager ReloadAssembly
Symbol file data-00000185FD934020 doesn't match image D:\GitHub\ProjectVrijElectricBoogaloo\Executioners Misery\Library\ScriptAssemblies\Unity.ShaderGraph.Editor.dll
Symbol file LoadedFromMemory is not a mono symbol file
Symbol file data-00000185FD85A840 doesn't match image D:\GitHub\ProjectVrijElectricBoogaloo\Executioners Misery\Library\ScriptAssemblies\Unity.VSCode.Editor.dll
Symbol file LoadedFromMemory is not a mono symbol file
Symbol file data-00000185F837D910 doesn't match image D:\GitHub\ProjectVrijElectricBoogaloo\Executioners Misery\Library\ScriptAssemblies\Unity.RenderPipelines.Universal.Shaders.dll
Symbol file LoadedFromMemory is not a mono symbol file
Symbol file data-00000185F89DFA00 doesn't match image D:\GitHub\ProjectVrijElectricBoogaloo\Executioners Misery\Library\ScriptAssemblies\Unity.RenderPipelines.Universal.Editor.dll
Symbol file LoadedFromMemory is not a mono symbol file
Symbol file data-00000185F85CB010 doesn't match image D:\GitHub\ProjectVrijElectricBoogaloo\Executioners Misery\Library\ScriptAssemblies\Unity.RenderPipelines.Universal.Runtime.dll
Symbol file LoadedFromMemory is not a mono symbol file
Symbol file data-00000185F86F4E50 doesn't match image D:\GitHub\ProjectVrijElectricBoogaloo\Executioners Misery\Library\ScriptAssemblies\Unity.TextMeshPro.Editor.dll
Symbol file LoadedFromMemory is not a mono symbol file
Symbol file data-00000185FDB1CC30 doesn't match image D:\GitHub\ProjectVrijElectricBoogaloo\Executioners Misery\Library\ScriptAssemblies\Unity.VisualStudio.Editor.dll
Symbol file LoadedFromMemory is not a mono symbol file
Symbol file data-00000185FD9D6230 doesn't match image D:\GitHub\ProjectVrijElectricBoogaloo\Executioners Misery\Library\ScriptAssemblies\UnityEngine.TestRunner.dll
Symbol file LoadedFromMemory is not a mono symbol file
Symbol file data-00000185F9004DC0 doesn't match image D:\GitHub\ProjectVrijElectricBoogaloo\Executioners Misery\Library\ScriptAssemblies\Unity.RenderPipeline.Universal.ShaderLibrary.dll
Symbol file LoadedFromMemory is not a mono symbol file
Symbol file data-00000185FD290020 doesn't match image D:\GitHub\ProjectVrijElectricBoogaloo\Executioners Misery\Library\ScriptAssemblies\Unity.Timeline.Editor.dll
Symbol file LoadedFromMemory is not a mono symbol file
Symbol file data-00000185FE3DAA30 doesn't match image D:\GitHub\ProjectVrijElectricBoogaloo\Executioners Misery\Library\ScriptAssemblies\Unity.Timeline.dll
Symbol file LoadedFromMemory is not a mono symbol file
Symbol file data-00000185F9004DC0 doesn't match image D:\GitHub\ProjectVrijElectricBoogaloo\Executioners Misery\Library\ScriptAssemblies\Unity.RenderPipelines.ShaderGraph.ShaderGraphLibrary.dll
Symbol file LoadedFromMemory is not a mono symbol file
Symbol file data-00000185F8746010 doesn't match image D:\GitHub\ProjectVrijElectricBoogaloo\Executioners Misery\Library\ScriptAssemblies\Unity.TextMeshPro.dll
Symbol file LoadedFromMemory is not a mono symbol file
Symbol file data-00000185FE3DAA30 doesn't match image D:\GitHub\ProjectVrijElectricBoogaloo\Executioners Misery\Library\ScriptAssemblies\Unity.CollabProxy.Editor.dll
Symbol file LoadedFromMemory is not a mono symbol file
Symbol file data-00000185F861D120 doesn't match image D:\GitHub\ProjectVrijElectricBoogaloo\Executioners Misery\Library\ScriptAssemblies\Unity.Mathematics.Editor.dll
Symbol file LoadedFromMemory is not a mono symbol file
Symbol file data-00000185F8709660 doesn't match image D:\GitHub\ProjectVrijElectricBoogaloo\Executioners Misery\Library\ScriptAssemblies\Unity.Searcher.Editor.dll
Symbol file LoadedFromMemory is not a mono symbol file
Symbol file data-00000185F85CB010 doesn't match image D:\GitHub\ProjectVrijElectricBoogaloo\Executioners Misery\Library\ScriptAssemblies\UnityEditor.TestRunner.dll
Symbol file LoadedFromMemory is not a mono symbol file
Symbol file data-00000185F8F11020 doesn't match image D:\GitHub\ProjectVrijElectricBoogaloo\Executioners Misery\Library\ScriptAssemblies\Unity.RenderPipelines.Core.Runtime.dll
Symbol file LoadedFromMemory is not a mono symbol file
Symbol file data-00000185FDBC7D60 doesn't match image D:\GitHub\ProjectVrijElectricBoogaloo\Executioners Misery\Library\ScriptAssemblies\Unity.ShaderGraph.Utilities.dll
Symbol file LoadedFromMemory is not a mono symbol file
Symbol file data-00000185FDB1CC30 doesn't match image D:\GitHub\ProjectVrijElectricBoogaloo\Executioners Misery\Library\ScriptAssemblies\UnityEditor.UI.dll
Symbol file LoadedFromMemory is not a mono symbol file
Symbol file data-00000185FD18A020 doesn't match image D:\GitHub\ProjectVrijElectricBoogaloo\Executioners Misery\Library\ScriptAssemblies\Unity.PlasticSCM.Editor.dll
Symbol file LoadedFromMemory is not a mono symbol file
Symbol file data-00000185F9016420 doesn't match image D:\GitHub\ProjectVrijElectricBoogaloo\Executioners Misery\Library\ScriptAssemblies\Unity.Rider.Editor.dll
Symbol file LoadedFromMemory is not a mono symbol file
Symbol file data-00000185F9004DC0 doesn't match image D:\GitHub\ProjectVrijElectricBoogaloo\Executioners Misery\Library\ScriptAssemblies\Unity.RenderPipelines.Core.ShaderLibrary.dll
Symbol file LoadedFromMemory is not a mono symbol file
Symbol file data-00000185FD2E4020 doesn't match image D:\GitHub\ProjectVrijElectricBoogaloo\Executioners Misery\Library\ScriptAssemblies\UnityEngine.UI.dll
Symbol file LoadedFromMemory is not a mono symbol file
Symbol file data-00000185FD2E4020 doesn't match image D:\GitHub\ProjectVrijElectricBoogaloo\Executioners Misery\Library\ScriptAssemblies\Unity.RenderPipelines.Core.Editor.dll
Symbol file LoadedFromMemory is not a mono symbol file
Symbol file data-00000185FD62D010 doesn't match image D:\GitHub\ProjectVrijElectricBoogaloo\Executioners Misery\Library\ScriptAssemblies\Unity.Mathematics.dll
Symbol file LoadedFromMemory is not a mono symbol file
Native extension for WindowsStandalone target not found
Refreshing native plugins compatible for Editor in 44.53 ms, found 2 plugins.
Preloading 0 native plugins for Editor in 0.00 ms.
Mono: successfully reloaded assembly
- Completed reload, in  1.162 seconds
Platform modules already initialized, skipping
========================================================================
Worker process is ready to serve import requests
Shader 'Universal Render Pipeline/Particles/Lit': fallback shader 'Universal Render Pipeline/Particles/SimpleLit' not found
Shader 'Universal Render Pipeline/Particles/Lit': fallback shader 'Universal Render Pipeline/Particles/SimpleLit' not found
Launched and connected shader compiler UnityShaderCompiler.exe after 0.05 seconds
Refreshing native plugins compatible for Editor in 0.47 ms, found 2 plugins.
Preloading 0 native plugins for Editor in 0.00 ms.
Unloading 2705 Unused Serialized files (Serialized files now loaded: 0)
System memory in use before: 122.2 MB.
System memory in use after: 119.3 MB.

Unloading 55 unused Assets to reduce memory usage. Loaded Objects now: 3106.
Total: 4.282400 ms (FindLiveObjects: 0.253900 ms CreateObjectMapping: 0.129700 ms MarkObjects: 2.509300 ms  DeleteObjects: 1.388500 ms)

AssetImportParameters requested are different than current active one (requested -> active):
  custom:framework-win-MediaFoundation: 216162199b28c13a410421893ffa2e32 -> 
  custom:video-decoder-ogg-theora: a1e56fd34408186e4bbccfd4996cb3dc -> 
  custom:container-muxer-webm: aa71ff27fc2769a1b78a27578f13a17b -> 
  custom:container-demuxer-webm: 4f35f7cbe854078d1ac9338744f61a02 -> 
  custom:container-demuxer-ogg: 62fdf1f143b41e24485cea50d1cbac27 -> 
  custom:video-encoder-webm-vp8: eb34c28f22e8b96e1ab97ce403110664 -> 
  custom:video-codec-MediaFoundation-h265: 746d11721c4dcdbdad8f713fa42b33f4 -> 
  custom:video-decoder-webm-vp8: 9c59270c3fd7afecdb556c50c9e8de78 -> 
  custom:audio-decoder-ogg-vorbis: bf7c407c2cedff20999df2af8eb42d56 -> 
  custom:audio-encoder-webm-vorbis: bf7c407c2cedff20999df2af8eb42d56 -> 
========================================================================
Received Import Request.
  path: Assets/Scenes/MikeScene.unity
  artifactKey: Guid(be5f4502db6966f40894fde736341fc3) Importer(815301076,1909f56bfc062723c751e8b465ee728b)
Start importing Assets/Scenes/MikeScene.unity using Guid(be5f4502db6966f40894fde736341fc3) Importer(815301076,1909f56bfc062723c751e8b465ee728b)  -> (artifact id: '7fc92be00f5b1f400d502519068529e2') in 0.013962 seconds 
  Import took 0.018066 seconds .

========================================================================
Received Import Request.
  Time since last request: 0.000211 seconds.
  path: Assets/Readme.asset
  artifactKey: Guid(83c2ed844a8c74b779a4c823d16594b1) Importer(815301076,1909f56bfc062723c751e8b465ee728b)
Start importing Assets/Readme.asset using Guid(83c2ed844a8c74b779a4c823d16594b1) Importer(815301076,1909f56bfc062723c751e8b465ee728b)  -> (artifact id: '7c3b9f17ff219922461d349995487975') in 0.043059 seconds 
  Import took 0.047226 seconds .

========================================================================
Received Import Request.
  Time since last request: 0.000303 seconds.
  path: Assets/Scenes
  artifactKey: Guid(e21700b40dfa56a49b86f5783195dbfe) Importer(815301076,1909f56bfc062723c751e8b465ee728b)
Start importing Assets/Scenes using Guid(e21700b40dfa56a49b86f5783195dbfe) Importer(815301076,1909f56bfc062723c751e8b465ee728b)  -> (artifact id: 'f8f30694f5fb5280f5e74418aa73754f') in 0.007077 seconds 
  Import took 0.011180 seconds .

========================================================================
Received Import Request.
  Time since last request: 3.937365 seconds.
  path: Assets/Prefabs
  artifactKey: Guid(fb40a3a50f9d56f4580f4b6693052a8d) Importer(815301076,1909f56bfc062723c751e8b465ee728b)
Start importing Assets/Prefabs using Guid(fb40a3a50f9d56f4580f4b6693052a8d) Importer(815301076,1909f56bfc062723c751e8b465ee728b)  -> (artifact id: 'b103009f69189dde45dd81572df5592d') in 0.007509 seconds 
  Import took 0.011520 seconds .

========================================================================
Received Import Request.
  Time since last request: 0.064375 seconds.
  path: Assets/Prefabs/AI.prefab
  artifactKey: Guid(46f659f5bcddef44d9c7e9c8b0342a08) Importer(815301076,1909f56bfc062723c751e8b465ee728b)
Start importing Assets/Prefabs/AI.prefab using Guid(46f659f5bcddef44d9c7e9c8b0342a08) Importer(815301076,1909f56bfc062723c751e8b465ee728b)  -> (artifact id: '1f956e233d043374f0a7c57a7fe73def') in 0.185822 seconds 
  Import took 0.190246 seconds .

========================================================================
Received Import Request.
  Time since last request: 2.542595 seconds.
  path: Assets/Prefabs/Scene.prefab
  artifactKey: Guid(80d85e1fb5a806f44897f290012913ec) Importer(815301076,1909f56bfc062723c751e8b465ee728b)
Start importing Assets/Prefabs/Scene.prefab using Guid(80d85e1fb5a806f44897f290012913ec) Importer(815301076,1909f56bfc062723c751e8b465ee728b)  -> (artifact id: '3feb32d78d0c0154a3d550534b933da5') in 0.029739 seconds 
  Import took 0.034148 seconds .

========================================================================
Received Import Request.
  Time since last request: 9.506194 seconds.
  path: Assets/Models
  artifactKey: Guid(caada393b2dee2845aa67662f1df2e2f) Importer(815301076,1909f56bfc062723c751e8b465ee728b)
Start importing Assets/Models using Guid(caada393b2dee2845aa67662f1df2e2f) Importer(815301076,1909f56bfc062723c751e8b465ee728b)  -> (artifact id: '9cb3c89a9981084486884fa7415acd1c') in 0.005351 seconds 
  Import took 0.009498 seconds .

========================================================================
Received Import Request.
  Time since last request: 0.697249 seconds.
  path: Assets/Materials
  artifactKey: Guid(d0234ba368eeec9418390da711bfdad0) Importer(815301076,1909f56bfc062723c751e8b465ee728b)
Start importing Assets/Materials using Guid(d0234ba368eeec9418390da711bfdad0) Importer(815301076,1909f56bfc062723c751e8b465ee728b)  -> (artifact id: 'fa67f7aafba014bdcc74449d8eba51d0') in 0.006086 seconds 
  Import took 0.009845 seconds .

========================================================================
Received Import Request.
  Time since last request: 0.082266 seconds.
  path: Assets/Materials/Char.mat
  artifactKey: Guid(15f03c8a18671184d9ac4b92bedad3b9) Importer(815301076,1909f56bfc062723c751e8b465ee728b)
Start importing Assets/Materials/Char.mat using Guid(15f03c8a18671184d9ac4b92bedad3b9) Importer(815301076,1909f56bfc062723c751e8b465ee728b)  -> (artifact id: '5a3a2311ce1e537400f9a5f3a968ebc7') in 0.029665 seconds 
  Import took 0.033620 seconds .

========================================================================
Received Import Request.
  Time since last request: 0.000397 seconds.
  path: Assets/Materials/Player.mat
  artifactKey: Guid(e7eb16acbd69a5645b72d3756421e7ff) Importer(815301076,1909f56bfc062723c751e8b465ee728b)
Start importing Assets/Materials/Player.mat using Guid(e7eb16acbd69a5645b72d3756421e7ff) Importer(815301076,1909f56bfc062723c751e8b465ee728b)  -> (artifact id: '613387f5276d79035ad9bba6ae5419a0') in 0.013260 seconds 
  Import took 0.016944 seconds .

========================================================================
Received Import Request.
  Time since last request: 0.000330 seconds.
  path: Assets/Materials/Skybox_Mat.mat
  artifactKey: Guid(0ffaa0b7117ba8c47a9d05ae701d4b4d) Importer(815301076,1909f56bfc062723c751e8b465ee728b)
Start importing Assets/Materials/Skybox_Mat.mat using Guid(0ffaa0b7117ba8c47a9d05ae701d4b4d) Importer(815301076,1909f56bfc062723c751e8b465ee728b)  -> (artifact id: 'f1e587b2d9f39b4a8da249a6a8f56a44') in 0.014093 seconds 
  Import took 0.017807 seconds .

========================================================================
Received Import Request.
  Time since last request: 0.000360 seconds.
  path: Assets/Materials/Floor.mat
  artifactKey: Guid(3917ab1fc6ab3d04687670668bbb12cd) Importer(815301076,1909f56bfc062723c751e8b465ee728b)
Start importing Assets/Materials/Floor.mat using Guid(3917ab1fc6ab3d04687670668bbb12cd) Importer(815301076,1909f56bfc062723c751e8b465ee728b)  -> (artifact id: '31db73e962500bf0a479b737bee17e03') in 0.013414 seconds 
  Import took 0.017322 seconds .

========================================================================
Received Import Request.
  Time since last request: 4.257656 seconds.
  path: Assets/Materials/Floor 1.mat
  artifactKey: Guid(4382f65b29ea8fe4a9467630a11119db) Importer(815301076,1909f56bfc062723c751e8b465ee728b)
Start importing Assets/Materials/Floor 1.mat using Guid(4382f65b29ea8fe4a9467630a11119db) Importer(815301076,1909f56bfc062723c751e8b465ee728b)  -> (artifact id: '0c724dae22f325795425679b4ba0ef3d') in 0.012890 seconds 
  Import took 0.016758 seconds .

========================================================================
Received Import Request.
  Time since last request: 41.037955 seconds.
  path: Assets/Materials/Floor 1.mat
  artifactKey: Guid(4382f65b29ea8fe4a9467630a11119db) Importer(815301076,1909f56bfc062723c751e8b465ee728b)
Start importing Assets/Materials/Floor 1.mat using Guid(4382f65b29ea8fe4a9467630a11119db) Importer(815301076,1909f56bfc062723c751e8b465ee728b)  -> (artifact id: 'a3007cb1860c395ef77699822d6bc2bc') in 0.011477 seconds 
  Import took 0.016097 seconds .

========================================================================
Received Import Request.
  Time since last request: 0.000315 seconds.
  path: Assets/Materials/Wall.mat
  artifactKey: Guid(c244cb2a12f307a46be7d4995f65d606) Importer(815301076,1909f56bfc062723c751e8b465ee728b)
Start importing Assets/Materials/Wall.mat using Guid(c244cb2a12f307a46be7d4995f65d606) Importer(815301076,1909f56bfc062723c751e8b465ee728b)  -> (artifact id: '378bf032fe564e7257eac0bb05abca8d') in 0.012505 seconds 
  Import took 0.016664 seconds .

========================================================================
Received Import Request.
  Time since last request: 89.444740 seconds.
  path: Assets/Materials/InsideWall.mat
  artifactKey: Guid(b9913a648f0058c4998b6f3190a9317d) Importer(815301076,1909f56bfc062723c751e8b465ee728b)
Start importing Assets/Materials/InsideWall.mat using Guid(b9913a648f0058c4998b6f3190a9317d) Importer(815301076,1909f56bfc062723c751e8b465ee728b)  -> (artifact id: 'd260794ac8439f5a731402eea45ccfb7') in 0.013681 seconds 
  Import took 0.018671 seconds .

========================================================================
Received Import Request.
  Time since last request: 0.000372 seconds.
  path: Assets/Materials/Wall.mat
  artifactKey: Guid(c244cb2a12f307a46be7d4995f65d606) Importer(815301076,1909f56bfc062723c751e8b465ee728b)
Start importing Assets/Materials/Wall.mat using Guid(c244cb2a12f307a46be7d4995f65d606) Importer(815301076,1909f56bfc062723c751e8b465ee728b)  -> (artifact id: 'f5a1ef317686182edcdc42d303a3ed8e') in 0.011117 seconds 
  Import took 0.015558 seconds .

========================================================================
Received Import Request.
  Time since last request: 38.862840 seconds.
  path: Assets/Materials/Gate.mat
  artifactKey: Guid(5b81467a0e75e1449b7d040bb4105960) Importer(815301076,1909f56bfc062723c751e8b465ee728b)
Start importing Assets/Materials/Gate.mat using Guid(5b81467a0e75e1449b7d040bb4105960) Importer(815301076,1909f56bfc062723c751e8b465ee728b)  -> (artifact id: 'cc1e28831e142d4c3ae1ba1f3510e2ad') in 0.016257 seconds 
  Import took 0.020641 seconds .

========================================================================
Received Import Request.
  Time since last request: 0.000300 seconds.
  path: Assets/Materials/InsideWall.mat
  artifactKey: Guid(b9913a648f0058c4998b6f3190a9317d) Importer(815301076,1909f56bfc062723c751e8b465ee728b)
Start importing Assets/Materials/InsideWall.mat using Guid(b9913a648f0058c4998b6f3190a9317d) Importer(815301076,1909f56bfc062723c751e8b465ee728b)  -> (artifact id: 'ed7bdae90d130d5d5eb8cb2bbab9fd5e') in 0.010814 seconds 
  Import took 0.016021 seconds .

========================================================================
Received Import Request.
  Time since last request: 17.138099 seconds.
  path: Assets/Materials/Building.mat
  artifactKey: Guid(00bdde5ee3fbdfa4384ed2102dd29982) Importer(815301076,1909f56bfc062723c751e8b465ee728b)
Start importing Assets/Materials/Building.mat using Guid(00bdde5ee3fbdfa4384ed2102dd29982) Importer(815301076,1909f56bfc062723c751e8b465ee728b)  -> (artifact id: '839b561611d6b90333e83cab1924710b') in 0.012575 seconds 
  Import took 0.017159 seconds .

========================================================================
Received Import Request.
  Time since last request: 0.000314 seconds.
  path: Assets/Materials/Gate.mat
  artifactKey: Guid(5b81467a0e75e1449b7d040bb4105960) Importer(815301076,1909f56bfc062723c751e8b465ee728b)
Start importing Assets/Materials/Gate.mat using Guid(5b81467a0e75e1449b7d040bb4105960) Importer(815301076,1909f56bfc062723c751e8b465ee728b)  -> (artifact id: '8c9d147dc95931453a0af96a74e11ec3') in 0.010650 seconds 
  Import took 0.015026 seconds .

========================================================================
Received Import Request.
  Time since last request: 58.586645 seconds.
  path: Assets/Scenes/DaveScene.unity
  artifactKey: Guid(7e7a526bcbd90664b941450e7e085b84) Importer(815301076,1909f56bfc062723c751e8b465ee728b)
Start importing Assets/Scenes/DaveScene.unity using Guid(7e7a526bcbd90664b941450e7e085b84) Importer(815301076,1909f56bfc062723c751e8b465ee728b)  -> (artifact id: 'd929c69305ed804f35e2ca768974550a') in 0.007042 seconds 
  Import took 0.010796 seconds .

========================================================================
Received Import Request.
  Time since last request: 10.178899 seconds.
  path: Assets/Scenes/MikeScene.unity
  artifactKey: Guid(be5f4502db6966f40894fde736341fc3) Importer(815301076,1909f56bfc062723c751e8b465ee728b)
Start importing Assets/Scenes/MikeScene.unity using Guid(be5f4502db6966f40894fde736341fc3) Importer(815301076,1909f56bfc062723c751e8b465ee728b)  -> (artifact id: 'eb53f4bcf395c6704198b158a7e9ad9d') in 0.003084 seconds 
  Import took 0.007467 seconds .

========================================================================
Received Import Request.
  Time since last request: 39.430045 seconds.
  path: Assets/Scenes/MikeScene.unity
  artifactKey: Guid(be5f4502db6966f40894fde736341fc3) Importer(815301076,1909f56bfc062723c751e8b465ee728b)
Start importing Assets/Scenes/MikeScene.unity using Guid(be5f4502db6966f40894fde736341fc3) Importer(815301076,1909f56bfc062723c751e8b465ee728b)  -> (artifact id: '23f1e7a763a5575b493296a028e11e10') in 0.002753 seconds 
  Import took 0.006951 seconds .

========================================================================
Received Prepare
Registering precompiled user dll's ...
Registered in 0.005168 seconds.
Begin MonoManager ReloadAssembly
Symbol file data-00000185FDABF020 doesn't match image D:\GitHub\ProjectVrijElectricBoogaloo\Executioners Misery\Library\ScriptAssemblies\Unity.ShaderGraph.Editor.dll
Symbol file LoadedFromMemory is not a mono symbol file
Symbol file data-00000185F869C010 doesn't match image D:\GitHub\ProjectVrijElectricBoogaloo\Executioners Misery\Library\ScriptAssemblies\Unity.VSCode.Editor.dll
Symbol file LoadedFromMemory is not a mono symbol file
Symbol file data-0000018463045A00 doesn't match image D:\GitHub\ProjectVrijElectricBoogaloo\Executioners Misery\Library\ScriptAssemblies\Unity.RenderPipelines.Universal.Shaders.dll
Symbol file LoadedFromMemory is not a mono symbol file
Symbol file data-0000018461180010 doesn't match image D:\GitHub\ProjectVrijElectricBoogaloo\Executioners Misery\Library\ScriptAssemblies\Unity.RenderPipelines.Universal.Editor.dll
Symbol file LoadedFromMemory is not a mono symbol file
Symbol file data-00000185F86EB020 doesn't match image D:\GitHub\ProjectVrijElectricBoogaloo\Executioners Misery\Library\ScriptAssemblies\Unity.RenderPipelines.Universal.Runtime.dll
Symbol file LoadedFromMemory is not a mono symbol file
Symbol file data-00000185F85CB010 doesn't match image D:\GitHub\ProjectVrijElectricBoogaloo\Executioners Misery\Library\ScriptAssemblies\Unity.TextMeshPro.Editor.dll
Symbol file LoadedFromMemory is not a mono symbol file
Symbol file data-00000185FE65E020 doesn't match image D:\GitHub\ProjectVrijElectricBoogaloo\Executioners Misery\Library\ScriptAssemblies\Unity.VisualStudio.Editor.dll
Symbol file LoadedFromMemory is not a mono symbol file
Symbol file data-0000018465A7B010 doesn't match image D:\GitHub\ProjectVrijElectricBoogaloo\Executioners Misery\Library\ScriptAssemblies\UnityEngine.TestRunner.dll
Symbol file LoadedFromMemory is not a mono symbol file
Symbol file data-000001846330EE60 doesn't match image D:\GitHub\ProjectVrijElectricBoogaloo\Executioners Misery\Library\ScriptAssemblies\Unity.RenderPipeline.Universal.ShaderLibrary.dll
Symbol file LoadedFromMemory is not a mono symbol file
Symbol file data-00000184612D0EE0 doesn't match image D:\GitHub\ProjectVrijElectricBoogaloo\Executioners Misery\Library\ScriptAssemblies\Unity.Timeline.Editor.dll
Symbol file LoadedFromMemory is not a mono symbol file
Symbol file data-00000185F88B3E50 doesn't match image D:\GitHub\ProjectVrijElectricBoogaloo\Executioners Misery\Library\ScriptAssemblies\Unity.Timeline.dll
Symbol file LoadedFromMemory is not a mono symbol file
Symbol file data-000001846330E2C0 doesn't match image D:\GitHub\ProjectVrijElectricBoogaloo\Executioners Misery\Library\ScriptAssemblies\Unity.RenderPipelines.ShaderGraph.ShaderGraphLibrary.dll
Symbol file LoadedFromMemory is not a mono symbol file
Symbol file data-00000185FD50D040 doesn't match image D:\GitHub\ProjectVrijElectricBoogaloo\Executioners Misery\Library\ScriptAssemblies\Unity.TextMeshPro.dll
Symbol file LoadedFromMemory is not a mono symbol file
Symbol file data-0000018465A7B010 doesn't match image D:\GitHub\ProjectVrijElectricBoogaloo\Executioners Misery\Library\ScriptAssemblies\Unity.CollabProxy.Editor.dll
Symbol file LoadedFromMemory is not a mono symbol file
Symbol file data-000001846339E070 doesn't match image D:\GitHub\ProjectVrijElectricBoogaloo\Executioners Misery\Library\ScriptAssemblies\Unity.Mathematics.Editor.dll
Symbol file LoadedFromMemory is not a mono symbol file
Symbol file data-00000185F9001C60 doesn't match image D:\GitHub\ProjectVrijElectricBoogaloo\Executioners Misery\Library\ScriptAssemblies\Unity.Searcher.Editor.dll
Symbol file LoadedFromMemory is not a mono symbol file
Symbol file data-00000185FED70020 doesn't match image D:\GitHub\ProjectVrijElectricBoogaloo\Executioners Misery\Library\ScriptAssemblies\UnityEditor.TestRunner.dll
Symbol file LoadedFromMemory is not a mono symbol file
Symbol file data-0000018461180010 doesn't match image D:\GitHub\ProjectVrijElectricBoogaloo\Executioners Misery\Library\ScriptAssemblies\Unity.RenderPipelines.Core.Runtime.dll
Symbol file LoadedFromMemory is not a mono symbol file
Symbol file data-00000185FD8B2A50 doesn't match image D:\GitHub\ProjectVrijElectricBoogaloo\Executioners Misery\Library\ScriptAssemblies\Unity.ShaderGraph.Utilities.dll
Symbol file LoadedFromMemory is not a mono symbol file
Symbol file data-0000018461194A20 doesn't match image D:\GitHub\ProjectVrijElectricBoogaloo\Executioners Misery\Library\ScriptAssemblies\UnityEditor.UI.dll
Symbol file LoadedFromMemory is not a mono symbol file
Symbol file data-00000185FD4A1020 doesn't match image D:\GitHub\ProjectVrijElectricBoogaloo\Executioners Misery\Library\ScriptAssemblies\Unity.PlasticSCM.Editor.dll
Symbol file LoadedFromMemory is not a mono symbol file
Symbol file data-00000185FEE32E30 doesn't match image D:\GitHub\ProjectVrijElectricBoogaloo\Executioners Misery\Library\ScriptAssemblies\Unity.Rider.Editor.dll
Symbol file LoadedFromMemory is not a mono symbol file
Symbol file data-000001846330E6A0 doesn't match image D:\GitHub\ProjectVrijElectricBoogaloo\Executioners Misery\Library\ScriptAssemblies\Unity.RenderPipelines.Core.ShaderLibrary.dll
Symbol file LoadedFromMemory is not a mono symbol file
Symbol file data-00000184616E53B0 doesn't match image D:\GitHub\ProjectVrijElectricBoogaloo\Executioners Misery\Library\ScriptAssemblies\UnityEngine.UI.dll
Symbol file LoadedFromMemory is not a mono symbol file
Symbol file data-00000184616E53B0 doesn't match image D:\GitHub\ProjectVrijElectricBoogaloo\Executioners Misery\Library\ScriptAssemblies\Unity.RenderPipelines.Core.Editor.dll
Symbol file LoadedFromMemory is not a mono symbol file
Symbol file data-00000185F8B34C00 doesn't match image D:\GitHub\ProjectVrijElectricBoogaloo\Executioners Misery\Library\ScriptAssemblies\Unity.Mathematics.dll
Symbol file LoadedFromMemory is not a mono symbol file
Native extension for WindowsStandalone target not found
Refreshing native plugins compatible for Editor in 0.48 ms, found 2 plugins.
Preloading 0 native plugins for Editor in 0.00 ms.
Mono: successfully reloaded assembly
- Completed reload, in  1.035 seconds
Platform modules already initialized, skipping
Shader 'Universal Render Pipeline/Particles/Lit': fallback shader 'Universal Render Pipeline/Particles/SimpleLit' not found
Shader 'Universal Render Pipeline/Particles/Lit': fallback shader 'Universal Render Pipeline/Particles/SimpleLit' not found
Refreshing native plugins compatible for Editor in 0.45 ms, found 2 plugins.
Preloading 0 native plugins for Editor in 0.00 ms.
Unloading 2632 Unused Serialized files (Serialized files now loaded: 0)
System memory in use before: 124.3 MB.
System memory in use after: 121.6 MB.

Unloading 50 unused Assets to reduce memory usage. Loaded Objects now: 3191.
Total: 3.414300 ms (FindLiveObjects: 0.231400 ms CreateObjectMapping: 0.100400 ms MarkObjects: 1.880500 ms  DeleteObjects: 1.201200 ms)

AssetImportParameters requested are different than current active one (requested -> active):
  custom:framework-win-MediaFoundation: 216162199b28c13a410421893ffa2e32 -> 
  custom:video-decoder-ogg-theora: a1e56fd34408186e4bbccfd4996cb3dc -> 
  custom:container-muxer-webm: aa71ff27fc2769a1b78a27578f13a17b -> 
  custom:container-demuxer-webm: 4f35f7cbe854078d1ac9338744f61a02 -> 
  custom:container-demuxer-ogg: 62fdf1f143b41e24485cea50d1cbac27 -> 
  custom:video-encoder-webm-vp8: eb34c28f22e8b96e1ab97ce403110664 -> 
  custom:video-codec-MediaFoundation-h265: 746d11721c4dcdbdad8f713fa42b33f4 -> 
  custom:video-decoder-webm-vp8: 9c59270c3fd7afecdb556c50c9e8de78 -> 
  custom:audio-decoder-ogg-vorbis: bf7c407c2cedff20999df2af8eb42d56 -> 
  custom:audio-encoder-webm-vorbis: bf7c407c2cedff20999df2af8eb42d56 -> 
========================================================================
Received Import Request.
  Time since last request: 19.456927 seconds.
  path: Assets/Scenes/MainGame.unity
  artifactKey: Guid(cc9e026e247ec6d408251ba2e75b6fb1) Importer(815301076,1909f56bfc062723c751e8b465ee728b)
Start importing Assets/Scenes/MainGame.unity using Guid(cc9e026e247ec6d408251ba2e75b6fb1) Importer(815301076,1909f56bfc062723c751e8b465ee728b)  -> (artifact id: 'c8bc63fdb3ad0484d2b3d4a6f4b22159') in 0.018826 seconds 
  Import took 0.022836 seconds .

========================================================================
Received Import Request.
  Time since last request: 5.171869 seconds.
  path: Assets/Scenes/MikeScene.unity
  artifactKey: Guid(be5f4502db6966f40894fde736341fc3) Importer(815301076,1909f56bfc062723c751e8b465ee728b)
Start importing Assets/Scenes/MikeScene.unity using Guid(be5f4502db6966f40894fde736341fc3) Importer(815301076,1909f56bfc062723c751e8b465ee728b)  -> (artifact id: '253a19000ec68621daacf9c62cbe0373') in 0.003412 seconds 
  Import took 0.009024 seconds .

========================================================================
Received Import Request.
  Time since last request: 104.709038 seconds.
  path: Assets/Materials/Building.mat
  artifactKey: Guid(00bdde5ee3fbdfa4384ed2102dd29982) Importer(815301076,1909f56bfc062723c751e8b465ee728b)
Start importing Assets/Materials/Building.mat using Guid(00bdde5ee3fbdfa4384ed2102dd29982) Importer(815301076,1909f56bfc062723c751e8b465ee728b)  -> (artifact id: 'f407e8a115cf7e1bf2f1ed22e8da1c41') in 0.150499 seconds 
  Import took 0.154739 seconds .

========================================================================
Received Prepare
Registering precompiled user dll's ...
Registered in 0.005272 seconds.
Begin MonoManager ReloadAssembly
Symbol file data-0000018461EC8CF0 doesn't match image D:\GitHub\ProjectVrijElectricBoogaloo\Executioners Misery\Library\ScriptAssemblies\Unity.ShaderGraph.Editor.dll
Symbol file LoadedFromMemory is not a mono symbol file
Symbol file data-0000018469A44B50 doesn't match image D:\GitHub\ProjectVrijElectricBoogaloo\Executioners Misery\Library\ScriptAssemblies\Unity.VSCode.Editor.dll
Symbol file LoadedFromMemory is not a mono symbol file
Symbol file data-00000184698C4D30 doesn't match image D:\GitHub\ProjectVrijElectricBoogaloo\Executioners Misery\Library\ScriptAssemblies\Unity.RenderPipelines.Universal.Shaders.dll
Symbol file LoadedFromMemory is not a mono symbol file
Symbol file data-0000018460F71020 doesn't match image D:\GitHub\ProjectVrijElectricBoogaloo\Executioners Misery\Library\ScriptAssemblies\Unity.RenderPipelines.Universal.Editor.dll
Symbol file LoadedFromMemory is not a mono symbol file
Symbol file data-0000018460F71020 doesn't match image D:\GitHub\ProjectVrijElectricBoogaloo\Executioners Misery\Library\ScriptAssemblies\Unity.RenderPipelines.Universal.Runtime.dll
Symbol file LoadedFromMemory is not a mono symbol file
Symbol file data-00000185F85CB010 doesn't match image D:\GitHub\ProjectVrijElectricBoogaloo\Executioners Misery\Library\ScriptAssemblies\Unity.TextMeshPro.Editor.dll
Symbol file LoadedFromMemory is not a mono symbol file
Symbol file data-0000018462D6E050 doesn't match image D:\GitHub\ProjectVrijElectricBoogaloo\Executioners Misery\Library\ScriptAssemblies\Unity.VisualStudio.Editor.dll
Symbol file LoadedFromMemory is not a mono symbol file
Symbol file data-0000018461FC05E0 doesn't match image D:\GitHub\ProjectVrijElectricBoogaloo\Executioners Misery\Library\ScriptAssemblies\UnityEngine.TestRunner.dll
Symbol file LoadedFromMemory is not a mono symbol file
Symbol file data-000001846330E6A0 doesn't match image D:\GitHub\ProjectVrijElectricBoogaloo\Executioners Misery\Library\ScriptAssemblies\Unity.RenderPipeline.Universal.ShaderLibrary.dll
Symbol file LoadedFromMemory is not a mono symbol file
Symbol file data-0000018465CE6A20 doesn't match image D:\GitHub\ProjectVrijElectricBoogaloo\Executioners Misery\Library\ScriptAssemblies\Unity.Timeline.Editor.dll
Symbol file LoadedFromMemory is not a mono symbol file
Symbol file data-000001846260E030 doesn't match image D:\GitHub\ProjectVrijElectricBoogaloo\Executioners Misery\Library\ScriptAssemblies\Unity.Timeline.dll
Symbol file LoadedFromMemory is not a mono symbol file
Symbol file data-000001846330E6A0 doesn't match image D:\GitHub\ProjectVrijElectricBoogaloo\Executioners Misery\Library\ScriptAssemblies\Unity.RenderPipelines.ShaderGraph.ShaderGraphLibrary.dll
Symbol file LoadedFromMemory is not a mono symbol file
Symbol file data-0000018460340010 doesn't match image D:\GitHub\ProjectVrijElectricBoogaloo\Executioners Misery\Library\ScriptAssemblies\Unity.TextMeshPro.dll
Symbol file LoadedFromMemory is not a mono symbol file
Symbol file data-0000018460FC2020 doesn't match image D:\GitHub\ProjectVrijElectricBoogaloo\Executioners Misery\Library\ScriptAssemblies\Unity.CollabProxy.Editor.dll
Symbol file LoadedFromMemory is not a mono symbol file
Symbol file data-00000184612BA010 doesn't match image D:\GitHub\ProjectVrijElectricBoogaloo\Executioners Misery\Library\ScriptAssemblies\Unity.Mathematics.Editor.dll
Symbol file LoadedFromMemory is not a mono symbol file
Symbol file data-0000018461FCEF80 doesn't match image D:\GitHub\ProjectVrijElectricBoogaloo\Executioners Misery\Library\ScriptAssemblies\Unity.Searcher.Editor.dll
Symbol file LoadedFromMemory is not a mono symbol file
Symbol file data-0000018460FA0020 doesn't match image D:\GitHub\ProjectVrijElectricBoogaloo\Executioners Misery\Library\ScriptAssemblies\UnityEditor.TestRunner.dll
Symbol file LoadedFromMemory is not a mono symbol file
Symbol file data-0000018461BDB1C0 doesn't match image D:\GitHub\ProjectVrijElectricBoogaloo\Executioners Misery\Library\ScriptAssemblies\Unity.RenderPipelines.Core.Runtime.dll
Symbol file LoadedFromMemory is not a mono symbol file
Symbol file data-00000185FDBC8EA0 doesn't match image D:\GitHub\ProjectVrijElectricBoogaloo\Executioners Misery\Library\ScriptAssemblies\Unity.ShaderGraph.Utilities.dll
Symbol file LoadedFromMemory is not a mono symbol file
Symbol file data-0000018461E5BD50 doesn't match image D:\GitHub\ProjectVrijElectricBoogaloo\Executioners Misery\Library\ScriptAssemblies\UnityEditor.UI.dll
Symbol file LoadedFromMemory is not a mono symbol file
Symbol file data-000001846252B820 doesn't match image D:\GitHub\ProjectVrijElectricBoogaloo\Executioners Misery\Library\ScriptAssemblies\Unity.PlasticSCM.Editor.dll
Symbol file LoadedFromMemory is not a mono symbol file
Symbol file data-00000185FD988020 doesn't match image D:\GitHub\ProjectVrijElectricBoogaloo\Executioners Misery\Library\ScriptAssemblies\Unity.Rider.Editor.dll
Symbol file LoadedFromMemory is not a mono symbol file
Symbol file data-000001846330E2C0 doesn't match image D:\GitHub\ProjectVrijElectricBoogaloo\Executioners Misery\Library\ScriptAssemblies\Unity.RenderPipelines.Core.ShaderLibrary.dll
Symbol file LoadedFromMemory is not a mono symbol file
Symbol file data-00000185F8A55420 doesn't match image D:\GitHub\ProjectVrijElectricBoogaloo\Executioners Misery\Library\ScriptAssemblies\UnityEngine.UI.dll
Symbol file LoadedFromMemory is not a mono symbol file
Symbol file data-00000184616E53B0 doesn't match image D:\GitHub\ProjectVrijElectricBoogaloo\Executioners Misery\Library\ScriptAssemblies\Unity.RenderPipelines.Core.Editor.dll
Symbol file LoadedFromMemory is not a mono symbol file
Symbol file data-00000185F8B34C00 doesn't match image D:\GitHub\ProjectVrijElectricBoogaloo\Executioners Misery\Library\ScriptAssemblies\Unity.Mathematics.dll
Symbol file LoadedFromMemory is not a mono symbol file
Native extension for WindowsStandalone target not found
Refreshing native plugins compatible for Editor in 0.49 ms, found 2 plugins.
Preloading 0 native plugins for Editor in 0.00 ms.
Mono: successfully reloaded assembly
- Completed reload, in  1.048 seconds
Platform modules already initialized, skipping
Shader 'Universal Render Pipeline/Particles/Lit': fallback shader 'Universal Render Pipeline/Particles/SimpleLit' not found
Shader 'Universal Render Pipeline/Particles/Lit': fallback shader 'Universal Render Pipeline/Particles/SimpleLit' not found
Refreshing native plugins compatible for Editor in 0.46 ms, found 2 plugins.
Preloading 0 native plugins for Editor in 0.00 ms.
Unloading 2632 Unused Serialized files (Serialized files now loaded: 0)
System memory in use before: 124.5 MB.
System memory in use after: 121.8 MB.

Unloading 50 unused Assets to reduce memory usage. Loaded Objects now: 3230.
Total: 4.190800 ms (FindLiveObjects: 0.240800 ms CreateObjectMapping: 0.093000 ms MarkObjects: 2.590800 ms  DeleteObjects: 1.265400 ms)

AssetImportParameters requested are different than current active one (requested -> active):
  custom:framework-win-MediaFoundation: 216162199b28c13a410421893ffa2e32 -> 
  custom:video-decoder-ogg-theora: a1e56fd34408186e4bbccfd4996cb3dc -> 
  custom:container-muxer-webm: aa71ff27fc2769a1b78a27578f13a17b -> 
  custom:container-demuxer-webm: 4f35f7cbe854078d1ac9338744f61a02 -> 
  custom:container-demuxer-ogg: 62fdf1f143b41e24485cea50d1cbac27 -> 
  custom:video-encoder-webm-vp8: eb34c28f22e8b96e1ab97ce403110664 -> 
  custom:video-codec-MediaFoundation-h265: 746d11721c4dcdbdad8f713fa42b33f4 -> 
  custom:video-decoder-webm-vp8: 9c59270c3fd7afecdb556c50c9e8de78 -> 
  custom:audio-decoder-ogg-vorbis: bf7c407c2cedff20999df2af8eb42d56 -> 
  custom:audio-encoder-webm-vorbis: bf7c407c2cedff20999df2af8eb42d56 -> 
========================================================================
Received Import Request.
  Time since last request: 6.072182 seconds.
  path: Assets/Materials/New Material.mat
  artifactKey: Guid(a0608c75d92fde3489d495925db483bd) Importer(815301076,1909f56bfc062723c751e8b465ee728b)
Start importing Assets/Materials/New Material.mat using Guid(a0608c75d92fde3489d495925db483bd) Importer(815301076,1909f56bfc062723c751e8b465ee728b)  -> (artifact id: 'b721db5909df154e96190e691f158c7d') in 0.174493 seconds 
  Import took 0.178794 seconds .

========================================================================
Received Import Request.
  Time since last request: 13.661289 seconds.
  path: Assets/Materials/Building2.mat
  artifactKey: Guid(a0608c75d92fde3489d495925db483bd) Importer(815301076,1909f56bfc062723c751e8b465ee728b)
Start importing Assets/Materials/Building2.mat using Guid(a0608c75d92fde3489d495925db483bd) Importer(815301076,1909f56bfc062723c751e8b465ee728b)  -> (artifact id: '6d0a4997da2cc15299ee976eb9df63f6') in 0.014762 seconds 
  Import took 0.019267 seconds .

========================================================================
Received Import Request.
  Time since last request: 205.802933 seconds.
  path: ProjectSettings/TagManager.asset
  artifactKey: Guid(00000000000000003000000000000000) Importer(815301076,1909f56bfc062723c751e8b465ee728b)
Start importing ProjectSettings/TagManager.asset using Guid(00000000000000003000000000000000) Importer(815301076,1909f56bfc062723c751e8b465ee728b)  -> (artifact id: '39477447abcb73750eef2209a9bd8a86') in 0.006697 seconds 
  Import took 0.011711 seconds .

========================================================================
Received Import Request.
  Time since last request: 0.003840 seconds.
  path: ProjectSettings/TagManager.asset
  artifactKey: Guid(00000000000000003000000000000000) Importer(815301076,1909f56bfc062723c751e8b465ee728b)
Start importing ProjectSettings/TagManager.asset using Guid(00000000000000003000000000000000) Importer(815301076,1909f56bfc062723c751e8b465ee728b)  -> (artifact id: '39477447abcb73750eef2209a9bd8a86') in 0.003481 seconds 
  Import took 0.007424 seconds .

========================================================================
Received Prepare
Registering precompiled user dll's ...
Registered in 0.006754 seconds.
Begin MonoManager ReloadAssembly
Symbol file data-00000184662C5020 doesn't match image D:\GitHub\ProjectVrijElectricBoogaloo\Executioners Misery\Library\ScriptAssemblies\Unity.ShaderGraph.Editor.dll
Symbol file LoadedFromMemory is not a mono symbol file
Symbol file data-00000185FE92D020 doesn't match image D:\GitHub\ProjectVrijElectricBoogaloo\Executioners Misery\Library\ScriptAssemblies\Unity.VSCode.Editor.dll
Symbol file LoadedFromMemory is not a mono symbol file
Symbol file data-00000184628A6320 doesn't match image D:\GitHub\ProjectVrijElectricBoogaloo\Executioners Misery\Library\ScriptAssemblies\Unity.RenderPipelines.Universal.Shaders.dll
Symbol file LoadedFromMemory is not a mono symbol file
Symbol file data-00000185F89DFA00 doesn't match image D:\GitHub\ProjectVrijElectricBoogaloo\Executioners Misery\Library\ScriptAssemblies\Unity.RenderPipelines.Universal.Editor.dll
Symbol file LoadedFromMemory is not a mono symbol file
Symbol file data-00000185FCD819E0 doesn't match image D:\GitHub\ProjectVrijElectricBoogaloo\Executioners Misery\Library\ScriptAssemblies\Unity.RenderPipelines.Universal.Runtime.dll
Symbol file LoadedFromMemory is not a mono symbol file
Symbol file data-0000018460884020 doesn't match image D:\GitHub\ProjectVrijElectricBoogaloo\Executioners Misery\Library\ScriptAssemblies\Unity.TextMeshPro.Editor.dll
Symbol file LoadedFromMemory is not a mono symbol file
Symbol file data-0000018465D2A020 doesn't match image D:\GitHub\ProjectVrijElectricBoogaloo\Executioners Misery\Library\ScriptAssemblies\Unity.VisualStudio.Editor.dll
Symbol file LoadedFromMemory is not a mono symbol file
Symbol file data-0000018465D91DB0 doesn't match image D:\GitHub\ProjectVrijElectricBoogaloo\Executioners Misery\Library\ScriptAssemblies\UnityEngine.TestRunner.dll
Symbol file LoadedFromMemory is not a mono symbol file
Symbol file data-000001846330E4B0 doesn't match image D:\GitHub\ProjectVrijElectricBoogaloo\Executioners Misery\Library\ScriptAssemblies\Unity.RenderPipeline.Universal.ShaderLibrary.dll
Symbol file LoadedFromMemory is not a mono symbol file
Symbol file data-0000018462F19B20 doesn't match image D:\GitHub\ProjectVrijElectricBoogaloo\Executioners Misery\Library\ScriptAssemblies\Unity.Timeline.Editor.dll
Symbol file LoadedFromMemory is not a mono symbol file
Symbol file data-0000018461FA1030 doesn't match image D:\GitHub\ProjectVrijElectricBoogaloo\Executioners Misery\Library\ScriptAssemblies\Unity.Timeline.dll
Symbol file LoadedFromMemory is not a mono symbol file
Symbol file data-000001846330EC70 doesn't match image D:\GitHub\ProjectVrijElectricBoogaloo\Executioners Misery\Library\ScriptAssemblies\Unity.RenderPipelines.ShaderGraph.ShaderGraphLibrary.dll
Symbol file LoadedFromMemory is not a mono symbol file
Symbol file data-00000185FD50D040 doesn't match image D:\GitHub\ProjectVrijElectricBoogaloo\Executioners Misery\Library\ScriptAssemblies\Unity.TextMeshPro.dll
Symbol file LoadedFromMemory is not a mono symbol file
Symbol file data-0000018465D91DB0 doesn't match image D:\GitHub\ProjectVrijElectricBoogaloo\Executioners Misery\Library\ScriptAssemblies\Unity.CollabProxy.Editor.dll
Symbol file LoadedFromMemory is not a mono symbol file
Symbol file data-000001846339E070 doesn't match image D:\GitHub\ProjectVrijElectricBoogaloo\Executioners Misery\Library\ScriptAssemblies\Unity.Mathematics.Editor.dll
Symbol file LoadedFromMemory is not a mono symbol file
Symbol file data-000001846A1EA010 doesn't match image D:\GitHub\ProjectVrijElectricBoogaloo\Executioners Misery\Library\ScriptAssemblies\Unity.Searcher.Editor.dll
Symbol file LoadedFromMemory is not a mono symbol file
Symbol file data-0000018462EE5380 doesn't match image D:\GitHub\ProjectVrijElectricBoogaloo\Executioners Misery\Library\ScriptAssemblies\UnityEditor.TestRunner.dll
Symbol file LoadedFromMemory is not a mono symbol file
Symbol file data-00000184616E53B0 doesn't match image D:\GitHub\ProjectVrijElectricBoogaloo\Executioners Misery\Library\ScriptAssemblies\Unity.RenderPipelines.Core.Runtime.dll
Symbol file LoadedFromMemory is not a mono symbol file
Symbol file data-00000185FD102E30 doesn't match image D:\GitHub\ProjectVrijElectricBoogaloo\Executioners Misery\Library\ScriptAssemblies\Unity.ShaderGraph.Utilities.dll
Symbol file LoadedFromMemory is not a mono symbol file
Symbol file data-00000185FD988020 doesn't match image D:\GitHub\ProjectVrijElectricBoogaloo\Executioners Misery\Library\ScriptAssemblies\UnityEditor.UI.dll
Symbol file LoadedFromMemory is not a mono symbol file
Symbol file data-00000185F8746010 doesn't match image D:\GitHub\ProjectVrijElectricBoogaloo\Executioners Misery\Library\ScriptAssemblies\Unity.PlasticSCM.Editor.dll
Symbol file LoadedFromMemory is not a mono symbol file
Symbol file data-00000185FEE32E30 doesn't match image D:\GitHub\ProjectVrijElectricBoogaloo\Executioners Misery\Library\ScriptAssemblies\Unity.Rider.Editor.dll
Symbol file LoadedFromMemory is not a mono symbol file
Symbol file data-000001846330EC70 doesn't match image D:\GitHub\ProjectVrijElectricBoogaloo\Executioners Misery\Library\ScriptAssemblies\Unity.RenderPipelines.Core.ShaderLibrary.dll
Symbol file LoadedFromMemory is not a mono symbol file
Symbol file data-00000184616E53B0 doesn't match image D:\GitHub\ProjectVrijElectricBoogaloo\Executioners Misery\Library\ScriptAssemblies\UnityEngine.UI.dll
Symbol file LoadedFromMemory is not a mono symbol file
Symbol file data-00000184616E53B0 doesn't match image D:\GitHub\ProjectVrijElectricBoogaloo\Executioners Misery\Library\ScriptAssemblies\Unity.RenderPipelines.Core.Editor.dll
Symbol file LoadedFromMemory is not a mono symbol file
Symbol file data-0000018461D54FA0 doesn't match image D:\GitHub\ProjectVrijElectricBoogaloo\Executioners Misery\Library\ScriptAssemblies\Unity.Mathematics.dll
Symbol file LoadedFromMemory is not a mono symbol file
Native extension for WindowsStandalone target not found
Refreshing native plugins compatible for Editor in 0.63 ms, found 2 plugins.
Preloading 0 native plugins for Editor in 0.00 ms.
Mono: successfully reloaded assembly
- Completed reload, in  1.495 seconds
Platform modules already initialized, skipping
Shader 'Universal Render Pipeline/Particles/Lit': fallback shader 'Universal Render Pipeline/Particles/SimpleLit' not found
Shader 'Universal Render Pipeline/Particles/Lit': fallback shader 'Universal Render Pipeline/Particles/SimpleLit' not found
Refreshing native plugins compatible for Editor in 0.48 ms, found 2 plugins.
Preloading 0 native plugins for Editor in 0.00 ms.
Unloading 2632 Unused Serialized files (Serialized files now loaded: 0)
System memory in use before: 124.7 MB.
System memory in use after: 121.9 MB.

Unloading 52 unused Assets to reduce memory usage. Loaded Objects now: 3269.
Total: 4.404500 ms (FindLiveObjects: 0.336000 ms CreateObjectMapping: 0.135000 ms MarkObjects: 2.527500 ms  DeleteObjects: 1.405100 ms)

AssetImportParameters requested are different than current active one (requested -> active):
  custom:framework-win-MediaFoundation: 216162199b28c13a410421893ffa2e32 -> 
  custom:video-decoder-ogg-theora: a1e56fd34408186e4bbccfd4996cb3dc -> 
  custom:container-muxer-webm: aa71ff27fc2769a1b78a27578f13a17b -> 
  custom:container-demuxer-webm: 4f35f7cbe854078d1ac9338744f61a02 -> 
  custom:container-demuxer-ogg: 62fdf1f143b41e24485cea50d1cbac27 -> 
  custom:video-encoder-webm-vp8: eb34c28f22e8b96e1ab97ce403110664 -> 
  custom:video-codec-MediaFoundation-h265: 746d11721c4dcdbdad8f713fa42b33f4 -> 
  custom:video-decoder-webm-vp8: 9c59270c3fd7afecdb556c50c9e8de78 -> 
  custom:audio-decoder-ogg-vorbis: bf7c407c2cedff20999df2af8eb42d56 -> 
  custom:audio-encoder-webm-vorbis: bf7c407c2cedff20999df2af8eb42d56 -> 
========================================================================
Received Import Request.
  Time since last request: 335.655131 seconds.
  path: Assets/Materials/Building2.mat
  artifactKey: Guid(a0608c75d92fde3489d495925db483bd) Importer(815301076,1909f56bfc062723c751e8b465ee728b)
Start importing Assets/Materials/Building2.mat using Guid(a0608c75d92fde3489d495925db483bd) Importer(815301076,1909f56bfc062723c751e8b465ee728b)  -> (artifact id: '452c0cf9a3e315e8c1a481276cf08789') in 0.173854 seconds 
  Import took 0.177940 seconds .

========================================================================
Received Import Request.
  Time since last request: 90.400016 seconds.
  path: Assets/Models/Axe/Axe.fbx
  artifactKey: Guid(13a53054ff2113e4d9f1c135250d7be1) Importer(815301076,1909f56bfc062723c751e8b465ee728b)
Start importing Assets/Models/Axe/Axe.fbx using Guid(13a53054ff2113e4d9f1c135250d7be1) Importer(815301076,1909f56bfc062723c751e8b465ee728b)  -> (artifact id: '64183b1b1ea85da7cd80f6744d8e0392') in 0.366696 seconds 
  Import took 0.375543 seconds .

========================================================================
Received Import Request.
  Time since last request: 0.000296 seconds.
  path: Assets/Models/MainChar/MainCharModel.fbx
  artifactKey: Guid(e5ef2403fa0de1a489ae1cf31ce7964f) Importer(815301076,1909f56bfc062723c751e8b465ee728b)
Start importing Assets/Models/MainChar/MainCharModel.fbx using Guid(e5ef2403fa0de1a489ae1cf31ce7964f) Importer(815301076,1909f56bfc062723c751e8b465ee728b)  -> (artifact id: '6991e38cba080d8b0bbe6d5d4306a705') in 0.171859 seconds 
  Import took 0.183651 seconds .

========================================================================
Received Import Request.
  Time since last request: 0.000267 seconds.
  path: Assets/Models/Axe/Axe.fbx
  artifactKey: Guid(13a53054ff2113e4d9f1c135250d7be1) Importer(815301076,1909f56bfc062723c751e8b465ee728b)
Start importing Assets/Models/Axe/Axe.fbx using Guid(13a53054ff2113e4d9f1c135250d7be1) Importer(815301076,1909f56bfc062723c751e8b465ee728b)  -> (artifact id: '64183b1b1ea85da7cd80f6744d8e0392') in 0.094168 seconds 
  Import took 0.107119 seconds .

========================================================================
Received Import Request.
  Time since last request: 10.966521 seconds.
  path: Packages/com.unity.render-pipelines.universal/Runtime/Materials/Lit.mat
  artifactKey: Guid(31321ba15b8f8eb4c954353edc038b1d) Importer(815301076,1909f56bfc062723c751e8b465ee728b)
Start importing Packages/com.unity.render-pipelines.universal/Runtime/Materials/Lit.mat using Guid(31321ba15b8f8eb4c954353edc038b1d) Importer(815301076,1909f56bfc062723c751e8b465ee728b)  -> (artifact id: '97a46e45ab72210011683b98bb693f19') in 0.012592 seconds 
  Import took 0.016970 seconds .

========================================================================
Received Import Request.
  Time since last request: 0.000309 seconds.
  path: Packages/com.unity.render-pipelines.universal/Runtime/Materials/ParticlesUnlit.mat
  artifactKey: Guid(e823cd5b5d27c0f4b8256e7c12ee3e6d) Importer(815301076,1909f56bfc062723c751e8b465ee728b)
Start importing Packages/com.unity.render-pipelines.universal/Runtime/Materials/ParticlesUnlit.mat using Guid(e823cd5b5d27c0f4b8256e7c12ee3e6d) Importer(815301076,1909f56bfc062723c751e8b465ee728b)  -> (artifact id: 'a6d3bac30e0c3da08768836858914317') in 0.034726 seconds 
  Import took 0.038752 seconds .

========================================================================
Received Import Request.
  Time since last request: 0.000317 seconds.
  path: Packages/com.unity.render-pipelines.universal/Runtime/Materials/TerrainLit.mat
  artifactKey: Guid(594ea882c5a793440b60ff72d896021e) Importer(815301076,1909f56bfc062723c751e8b465ee728b)
Start importing Packages/com.unity.render-pipelines.universal/Runtime/Materials/TerrainLit.mat using Guid(594ea882c5a793440b60ff72d896021e) Importer(815301076,1909f56bfc062723c751e8b465ee728b)  -> (artifact id: 'db9aec0391899b041fa150a21f0d5646') in 0.438866 seconds 
  Import took 0.443729 seconds .

========================================================================
Received Import Request.
  Time since last request: 0.000309 seconds.
  path: Packages/com.unity.render-pipelines.universal/Runtime/Materials/Sprite-Unlit-Default.mat
  artifactKey: Guid(9dfc825aed78fcd4ba02077103263b40) Importer(815301076,1909f56bfc062723c751e8b465ee728b)
Start importing Packages/com.unity.render-pipelines.universal/Runtime/Materials/Sprite-Unlit-Default.mat using Guid(9dfc825aed78fcd4ba02077103263b40) Importer(815301076,1909f56bfc062723c751e8b465ee728b)  -> (artifact id: '3dc837b22dad5c9afcddefa703e0bc63') in 0.042809 seconds 
  Import took 0.046830 seconds .

========================================================================
Received Import Request.
  Time since last request: 0.000365 seconds.
  path: Packages/com.unity.render-pipelines.universal/Runtime/Materials/SimpleLit.mat
  artifactKey: Guid(6a1143ee683302f4aa628c052723efc1) Importer(815301076,1909f56bfc062723c751e8b465ee728b)
Start importing Packages/com.unity.render-pipelines.universal/Runtime/Materials/SimpleLit.mat using Guid(6a1143ee683302f4aa628c052723efc1) Importer(815301076,1909f56bfc062723c751e8b465ee728b)  -> (artifact id: '4193ea014fb52272aa79e827f0b902d4') in 0.703291 seconds 
  Import took 0.707404 seconds .

========================================================================
Received Import Request.
  Time since last request: 0.000269 seconds.
  path: Packages/com.unity.render-pipelines.universal/Runtime/Materials/Sprite-Lit-Default.mat
  artifactKey: Guid(a97c105638bdf8b4a8650670310a4cd3) Importer(815301076,1909f56bfc062723c751e8b465ee728b)
Start importing Packages/com.unity.render-pipelines.universal/Runtime/Materials/Sprite-Lit-Default.mat using Guid(a97c105638bdf8b4a8650670310a4cd3) Importer(815301076,1909f56bfc062723c751e8b465ee728b)  -> (artifact id: 'cbf71d48645b4137c3fdde14caf1f63f') in 0.080041 seconds 
  Import took 0.083945 seconds .

========================================================================
Received Import Request.
  Time since last request: 0.000230 seconds.
  path: Packages/com.unity.render-pipelines.universal/Runtime/Materials/Lit.mat
  artifactKey: Guid(31321ba15b8f8eb4c954353edc038b1d) Importer(815301076,1909f56bfc062723c751e8b465ee728b)
Start importing Packages/com.unity.render-pipelines.universal/Runtime/Materials/Lit.mat using Guid(31321ba15b8f8eb4c954353edc038b1d) Importer(815301076,1909f56bfc062723c751e8b465ee728b)  -> (artifact id: '97a46e45ab72210011683b98bb693f19') in 0.008498 seconds 
  Import took 0.012458 seconds .

========================================================================
Received Import Request.
  Time since last request: 0.000202 seconds.
  path: Packages/com.unity.render-pipelines.universal/Runtime/Materials/Sprite-Lit-Default.mat
  artifactKey: Guid(a97c105638bdf8b4a8650670310a4cd3) Importer(815301076,1909f56bfc062723c751e8b465ee728b)
Start importing Packages/com.unity.render-pipelines.universal/Runtime/Materials/Sprite-Lit-Default.mat using Guid(a97c105638bdf8b4a8650670310a4cd3) Importer(815301076,1909f56bfc062723c751e8b465ee728b)  -> (artifact id: 'cbf71d48645b4137c3fdde14caf1f63f') in 0.012838 seconds 
  Import took 0.019015 seconds .

